<<<<<<< HEAD
﻿  docHandlerH.cpp
C:\Users\Hyejeong\Documents\GitHub\healthcare\projectSOS\personH.h(21,3): warning C4996: 'strcpy': This function or variable may be unsafe. Consider using strcpy_s instead. To disable deprecation, use _CRT_SECURE_NO_WARNINGS. See online help for details.
C:\Users\Hyejeong\Documents\GitHub\healthcare\projectSOS\personH.h(23,3): warning C4996: 'strcpy': This function or variable may be unsafe. Consider using strcpy_s instead. To disable deprecation, use _CRT_SECURE_NO_WARNINGS. See online help for details.
C:\Users\Hyejeong\Documents\GitHub\healthcare\projectSOS\personH.h(25,3): warning C4996: 'strcpy': This function or variable may be unsafe. Consider using strcpy_s instead. To disable deprecation, use _CRT_SECURE_NO_WARNINGS. See online help for details.
C:\Users\Hyejeong\Documents\GitHub\healthcare\projectSOS\doctorH.h(54,1): warning C4267: 'return': 'size_t'에서 'int'(으)로 변환하면서 데이터가 손실될 수 있습니다.
C:\Users\Hyejeong\Documents\GitHub\healthcare\projectSOS\patientH.h(48,3): warning C4996: 'strcpy': This function or variable may be unsafe. Consider using strcpy_s instead. To disable deprecation, use _CRT_SECURE_NO_WARNINGS. See online help for details.
C:\Users\Hyejeong\Documents\GitHub\healthcare\projectSOS\patHandlerH.h(148,11): warning C4101: 'getPK' :참조되지 않은 지역 변수입니다.
C:\Users\Hyejeong\Documents\GitHub\healthcare\projectSOS\patHandlerH.h(147,8): warning C4101: 'name' :참조되지 않은 지역 변수입니다.
C:\Users\Hyejeong\Documents\GitHub\healthcare\projectSOS\patHandlerH.h(147,28): warning C4101: 'getname' :참조되지 않은 지역 변수입니다.
  test_main.cpp
C:\Users\Hyejeong\Documents\GitHub\healthcare\projectSOS\personH.h(21,3): warning C4996: 'strcpy': This function or variable may be unsafe. Consider using strcpy_s instead. To disable deprecation, use _CRT_SECURE_NO_WARNINGS. See online help for details.
C:\Users\Hyejeong\Documents\GitHub\healthcare\projectSOS\personH.h(23,3): warning C4996: 'strcpy': This function or variable may be unsafe. Consider using strcpy_s instead. To disable deprecation, use _CRT_SECURE_NO_WARNINGS. See online help for details.
C:\Users\Hyejeong\Documents\GitHub\healthcare\projectSOS\personH.h(25,3): warning C4996: 'strcpy': This function or variable may be unsafe. Consider using strcpy_s instead. To disable deprecation, use _CRT_SECURE_NO_WARNINGS. See online help for details.
C:\Users\Hyejeong\Documents\GitHub\healthcare\projectSOS\doctorH.h(54,1): warning C4267: 'return': 'size_t'에서 'int'(으)로 변환하면서 데이터가 손실될 수 있습니다.
C:\Users\Hyejeong\Documents\GitHub\healthcare\projectSOS\patientH.h(48,3): warning C4996: 'strcpy': This function or variable may be unsafe. Consider using strcpy_s instead. To disable deprecation, use _CRT_SECURE_NO_WARNINGS. See online help for details.
C:\Users\Hyejeong\Documents\GitHub\healthcare\projectSOS\patHandlerH.h(148,11): warning C4101: 'getPK' :참조되지 않은 지역 변수입니다.
C:\Users\Hyejeong\Documents\GitHub\healthcare\projectSOS\patHandlerH.h(147,8): warning C4101: 'name' :참조되지 않은 지역 변수입니다.
C:\Users\Hyejeong\Documents\GitHub\healthcare\projectSOS\patHandlerH.h(147,28): warning C4101: 'getname' :참조되지 않은 지역 변수입니다.
  ProjectSOS.vcxproj -> C:\Users\Hyejeong\Documents\GitHub\healthcare\projectSOS\x64\Debug\ProjectSOS.exe
=======
﻿  admHandlerH.cpp
D:\projectSOS\doctorH.h(48,1): warning C4267: 'return': 'size_t'에서 'int'(으)로 변환하면서 데이터가 손실될 수 있습니다.
D:\projectSOS\patHandlerH.h(134,11): warning C4101: 'getPK' :참조되지 않은 지역 변수입니다.
D:\projectSOS\patHandlerH.h(133,8): warning C4101: 'name' :참조되지 않은 지역 변수입니다.
D:\projectSOS\patHandlerH.h(133,28): warning C4101: 'getname' :참조되지 않은 지역 변수입니다.
  docHandlerH.cpp
D:\projectSOS\doctorH.h(48,1): warning C4267: 'return': 'size_t'에서 'int'(으)로 변환하면서 데이터가 손실될 수 있습니다.
D:\projectSOS\patHandlerH.h(134,11): warning C4101: 'getPK' :참조되지 않은 지역 변수입니다.
D:\projectSOS\patHandlerH.h(133,8): warning C4101: 'name' :참조되지 않은 지역 변수입니다.
D:\projectSOS\patHandlerH.h(133,28): warning C4101: 'getname' :참조되지 않은 지역 변수입니다.
  patHandlerH.cpp
D:\projectSOS\patHandlerH.h(134,11): warning C4101: 'getPK' :참조되지 않은 지역 변수입니다.
D:\projectSOS\patHandlerH.h(133,8): warning C4101: 'name' :참조되지 않은 지역 변수입니다.
D:\projectSOS\patHandlerH.h(133,28): warning C4101: 'getname' :참조되지 않은 지역 변수입니다.
  코드를 생성하고 있습니다...
  projectSOS_Method.cpp
D:\projectSOS\doctorH.h(48,1): warning C4267: 'return': 'size_t'에서 'int'(으)로 변환하면서 데이터가 손실될 수 있습니다.
D:\projectSOS\patHandlerH.h(134,11): warning C4101: 'getPK' :참조되지 않은 지역 변수입니다.
D:\projectSOS\patHandlerH.h(133,8): warning C4101: 'name' :참조되지 않은 지역 변수입니다.
D:\projectSOS\patHandlerH.h(133,28): warning C4101: 'getname' :참조되지 않은 지역 변수입니다.
  ProjectSOS.vcxproj -> D:\projectSOS\x64\Debug\ProjectSOS.exe
>>>>>>> 26497f99a9ab8822faa04bfd8168fe8fc538d9e8
